2020-09-04 10:37:45.242  INFO 28212 --- [main] c.a.b.p.l.InitialDataTest                : Starting InitialDataTest on DESKTOP-BKPHOPO with PID 28212 (started by Administrator in D:\learn\project\springboot\currentCode\springbootLm)
2020-09-04 10:37:45.299  INFO 28212 --- [main] c.a.b.p.l.InitialDataTest                : The following profiles are active: production,dev
2020-09-04 10:37:46.544  INFO 28212 --- [main] .s.d.r.c.RepositoryConfigurationDelegate : Multiple Spring Data modules found, entering strict repository configuration mode!
2020-09-04 10:37:46.546  INFO 28212 --- [main] .s.d.r.c.RepositoryConfigurationDelegate : Bootstrapping Spring Data JPA repositories in DEFERRED mode.
2020-09-04 10:37:46.779  INFO 28212 --- [main] .s.d.r.c.RepositoryConfigurationDelegate : Finished Spring Data repository scanning in 223ms. Found 3 JPA repository interfaces.
2020-09-04 10:37:46.795  INFO 28212 --- [main] .s.d.r.c.RepositoryConfigurationDelegate : Multiple Spring Data modules found, entering strict repository configuration mode!
2020-09-04 10:37:46.797  INFO 28212 --- [main] .s.d.r.c.RepositoryConfigurationDelegate : Bootstrapping Spring Data Redis repositories in DEFAULT mode.
2020-09-04 10:37:46.825  INFO 28212 --- [main] .RepositoryConfigurationExtensionSupport : Spring Data Redis - Could not safely identify store assignment for repository candidate interface com.alsa.alsa.baeldung.persistence.loadingInitialData.CountryRepository. If you want this repository to be a Redis repository, consider annotating your entities with one of these annotations: org.springframework.data.redis.core.RedisHash (preferred), or consider extending one of the following types with your repository: org.springframework.data.keyvalue.repository.KeyValueRepository.
2020-09-04 10:37:46.826  INFO 28212 --- [main] .RepositoryConfigurationExtensionSupport : Spring Data Redis - Could not safely identify store assignment for repository candidate interface com.alsa.alsa.baeldung.test.EmployeeRepository. If you want this repository to be a Redis repository, consider annotating your entities with one of these annotations: org.springframework.data.redis.core.RedisHash (preferred), or consider extending one of the following types with your repository: org.springframework.data.keyvalue.repository.KeyValueRepository.
2020-09-04 10:37:46.826  INFO 28212 --- [main] .RepositoryConfigurationExtensionSupport : Spring Data Redis - Could not safely identify store assignment for repository candidate interface com.alsa.alsa.springbootFeatures.workingWithSqlDatabases.jpaAndSpringDataJpa.CityRepository. If you want this repository to be a Redis repository, consider annotating your entities with one of these annotations: org.springframework.data.redis.core.RedisHash (preferred), or consider extending one of the following types with your repository: org.springframework.data.keyvalue.repository.KeyValueRepository.
2020-09-04 10:37:46.827  INFO 28212 --- [main] .s.d.r.c.RepositoryConfigurationDelegate : Finished Spring Data repository scanning in 17ms. Found 0 Redis repository interfaces.
2020-09-04 10:37:47.596  INFO 28212 --- [main] com.zaxxer.hikari.HikariDataSource       : HikariPool-1 - Starting...
2020-09-04 10:37:47.813  INFO 28212 --- [main] com.zaxxer.hikari.HikariDataSource       : HikariPool-1 - Start completed.
2020-09-04 10:37:47.964  INFO 28212 --- [main] o.s.s.concurrent.ThreadPoolTaskExecutor  : Initializing ExecutorService 'applicationTaskExecutor'
2020-09-04 10:37:48.047  INFO 28212 --- [task-1] o.hibernate.jpa.internal.util.LogHelper  : HHH000204: Processing PersistenceUnitInfo [name: default]
2020-09-04 10:37:48.157  INFO 28212 --- [task-1] org.hibernate.Version                    : HHH000412: Hibernate ORM core version 5.4.17.Final
2020-09-04 10:37:48.402  INFO 28212 --- [task-1] o.hibernate.annotations.common.Version   : HCANN000001: Hibernate Commons Annotations {5.1.0.Final}
2020-09-04 10:37:48.840  INFO 28212 --- [task-1] org.hibernate.dialect.Dialect            : HHH000400: Using dialect: org.hibernate.dialect.H2Dialect
2020-09-04 10:37:49.471  WARN 28212 --- [main] JpaBaseConfiguration$JpaWebConfiguration : spring.jpa.open-in-view is enabled by default. Therefore, database queries may be performed during view rendering. Explicitly configure spring.jpa.open-in-view to disable this warning
2020-09-04 10:37:49.812  INFO 28212 --- [task-1] org.hibernate.tuple.PojoInstantiator     : HHH000182: No default (no-argument) constructor for class: com.alsa.alsa.baeldung.test.Employee (class must be instantiated by Interceptor)
2020-09-04 10:37:49.953  INFO 28212 --- [task-1] o.h.e.t.j.p.i.JtaPlatformInitiator       : HHH000490: Using JtaPlatform implementation: [org.hibernate.engine.transaction.jta.platform.internal.NoJtaPlatform]
2020-09-04 10:37:49.966  INFO 28212 --- [task-1] j.LocalContainerEntityManagerFactoryBean : Initialized JPA EntityManagerFactory for persistence unit 'default'
2020-09-04 10:37:50.077  INFO 28212 --- [main] o.s.b.a.w.s.WelcomePageHandlerMapping    : Adding welcome page template: index
2020-09-04 10:37:51.448  INFO 28212 --- [main] o.s.s.web.DefaultSecurityFilterChain     : Creating filter chain: any request, [org.springframework.security.web.context.request.async.WebAsyncManagerIntegrationFilter@59e4a044, org.springframework.security.web.context.SecurityContextPersistenceFilter@ea0c99c, org.springframework.security.web.header.HeaderWriterFilter@70a54731, org.springframework.security.web.csrf.CsrfFilter@25ee3caa, org.springframework.security.web.authentication.logout.LogoutFilter@42d7e8bc, org.springframework.security.web.authentication.UsernamePasswordAuthenticationFilter@6ed7c178, org.springframework.security.web.authentication.ui.DefaultLoginPageGeneratingFilter@460aa24e, org.springframework.security.web.authentication.ui.DefaultLogoutPageGeneratingFilter@4be3de36, org.springframework.security.web.authentication.www.BasicAuthenticationFilter@52f118aa, org.springframework.security.web.savedrequest.RequestCacheAwareFilter@3b3f62d7, org.springframework.security.web.servletapi.SecurityContextHolderAwareRequestFilter@7910e307, org.springframework.security.web.authentication.AnonymousAuthenticationFilter@5c03eb4e, org.springframework.security.web.session.SessionManagementFilter@6369d01c, org.springframework.security.web.access.ExceptionTranslationFilter@63c6c5e5, org.springframework.security.web.access.intercept.FilterSecurityInterceptor@3b780b5c]
2020-09-04 10:37:52.560  INFO 28212 --- [main] o.s.b.a.e.web.EndpointLinksResolver      : Exposing 5 endpoint(s) beneath base path '/actuator'
2020-09-04 10:37:52.708  INFO 28212 --- [main] DeferredRepositoryInitializationListener : Triggering deferred initialization of Spring Data repositories…
2020-09-04 10:37:53.343  INFO 28212 --- [main] DeferredRepositoryInitializationListener : Spring Data repositories initialized!
2020-09-04 10:37:53.355  INFO 28212 --- [main] c.a.b.p.l.InitialDataTest                : Started InitialDataTest in 14.948 seconds (JVM running for 16.132)
2020-09-04 10:37:53.786  INFO 28212 --- [SpringContextShutdownHook] j.LocalContainerEntityManagerFactoryBean : Closing JPA EntityManagerFactory for persistence unit 'default'
2020-09-04 10:37:53.788  INFO 28212 --- [SpringContextShutdownHook] o.s.s.concurrent.ThreadPoolTaskExecutor  : Shutting down ExecutorService 'applicationTaskExecutor'
2020-09-04 10:37:53.789  INFO 28212 --- [SpringContextShutdownHook] com.zaxxer.hikari.HikariDataSource       : HikariPool-1 - Shutdown initiated...
2020-09-04 10:37:53.793  INFO 28212 --- [SpringContextShutdownHook] com.zaxxer.hikari.HikariDataSource       : HikariPool-1 - Shutdown completed.
